<?xml version="1.0" encoding="UTF-8"?>
<!-- Generated by org.testng.reporters.JUnitReportReporter -->
<testsuite hostname="IQA-Himanshu" name="Facebook_With_DataProviderClass.Facebook" tests="1" failures="0" timestamp="14 Aug 2020 06:07:50 GMT" time="61.794" errors="0">
  <testcase name="facebookMethod" time="61.794" classname="Facebook_With_DataProviderClass.Facebook"/>
</testsuite> <!-- Facebook_With_DataProviderClass.Facebook -->
